#
# A fatal error has been detected by the Java Runtime Environment:
#
#  EXCEPTION_ACCESS_VIOLATION (0xc0000005) at pc=0x00000000524d8f45, pid=11416, tid=21312
#
# JRE version: Java(TM) SE Runtime Environment (8.0_91-b15) (build 1.8.0_91-b15)
# Java VM: Java HotSpot(TM) 64-Bit Server VM (25.91-b15 mixed mode windows-amd64 compressed oops)
# Problematic frame:
# V  [jvm.dll+0x128f45]
#
# Failed to write core dump. Minidumps are not enabled by default on client versions of Windows
#
# If you would like to submit a bug report, please visit:
#   http://bugreport.java.com/bugreport/crash.jsp
#

---------------  T H R E A D  ---------------

Current thread (0x000000001784a000):  JavaThread "JDWP Transport Listener: dt_socket" daemon [_thread_in_vm, id=21312, stack(0x00000000192c0000,0x00000000193c0000)]

siginfo: ExceptionCode=0xc0000005, reading address 0xffffffffffffffff

Registers:
RAX=0x00000000193bf801, RBX=0x000000001784a000, RCX=0x003b726500000008, RDX=0x0000000000000000
RSP=0x00000000193bf810, RBP=0x003b726500000008, RSI=0x00000000193bf928, RDI=0x0000000002608be0
R8 =0x000000001784a000, R9 =0x0000000000008000, R10=0x0000000000000000, R11=0x00000000193bfaa3
R12=0x0000000000000000, R13=0x000000001784ac68, R14=0x0000000000000000, R15=0x0000000000000000
RIP=0x00000000524d8f45, EFLAGS=0x0000000000010202

Top of Stack: (sp=0x00000000193bf810)
0x00000000193bf810:   000000001784a000 000000001784a000
0x00000000193bf820:   00000000193bf8d8 00000000526df32b
0x00000000193bf830:   000000001784a000 00000000526fbb8d
0x00000000193bf840:   0000000000000000 0000000053849155
0x00000000193bf850:   0000000018f00fb0 000000005385291e
0x00000000193bf860:   000000001784a000 0000000000000000
0x00000000193bf870:   0000000000000000 0000000000000000
0x00000000193bf880:   003b726500000008 0000000053851a15
0x00000000193bf890:   00000000193bf928 00000000193bf900
0x00000000193bf8a0:   0000000000000001 0000000018f00fb0
0x00000000193bf8b0:   003b726500000008 00000000538353b3
0x00000000193bf8c0:   00000000193bf9f0 0000000000000001
0x00000000193bf8d0:   0000000000000001 0000000018f00fb0
0x00000000193bf8e0:   0000000000000009 0000000000000000
0x00000000193bf8f0:   0000000000000000 0000000000000000
0x00000000193bf900:   0000000000000001 0000000053835571 

Instructions: (pc=0x00000000524d8f45)
0x00000000524d8f25:   cc cc cc cc cc cc cc cc cc cc cc 48 83 ec 28 48
0x00000000524d8f35:   85 c9 75 07 33 c0 48 83 c4 28 c3 48 89 5c 24 20
0x00000000524d8f45:   48 8b 19 48 85 db 74 20 48 83 fb 37 74 1a 48 8b
0x00000000524d8f55:   13 48 8b cb ff 52 10 84 c0 74 0d 48 8b c3 48 8b 


Register to memory mapping:

RAX=0x00000000193bf801 is pointing into the stack for thread: 0x000000001784a000
RBX=0x000000001784a000 is a thread
RCX=0x003b726500000008 is an unknown value
RDX=0x0000000000000000 is an unknown value
RSP=0x00000000193bf810 is pointing into the stack for thread: 0x000000001784a000
RBP=0x003b726500000008 is an unknown value
RSI=0x00000000193bf928 is pointing into the stack for thread: 0x000000001784a000
RDI=0x0000000002608be0 is an unknown value
R8 =0x000000001784a000 is a thread
R9 =0x0000000000008000 is an unknown value
R10=0x0000000000000000 is an unknown value
R11=0x00000000193bfaa3 is pointing into the stack for thread: 0x000000001784a000
R12=0x0000000000000000 is an unknown value
R13=0x000000001784ac68 is an unknown value
R14=0x0000000000000000 is an unknown value
R15=0x0000000000000000 is an unknown value


Stack: [0x00000000192c0000,0x00000000193c0000],  sp=0x00000000193bf810,  free space=1022k
Native frames: (J=compiled Java code, j=interpreted, Vv=VM code, C=native code)
V  [jvm.dll+0x128f45]
V  [jvm.dll+0x34bb8d]
C  [jdwp.dll+0x21a15]
C  [jdwp.dll+0x53b3]
C  [jdwp.dll+0x5571]
C  [jdwp.dll+0xf0a8]
C  [jdwp.dll+0x1f2d5]
C  [jdwp.dll+0x1f4aa]
V  [jvm.dll+0x1bbf38]
V  [jvm.dll+0x243ae4]
V  [jvm.dll+0x29a99a]
C  [msvcr100.dll+0x21d9f]
C  [msvcr100.dll+0x21e3b]
C  [KERNEL32.DLL+0x13dc4]
C  [ntdll.dll+0x73691]


---------------  P R O C E S S  ---------------

Java Threads: ( => current thread )
  0x0000000018d3f800 JavaThread "Service Thread" daemon [_thread_blocked, id=15792, stack(0x00000000198c0000,0x00000000199c0000)]
  0x0000000018d1a800 JavaThread "C1 CompilerThread2" daemon [_thread_blocked, id=3976, stack(0x00000000197c0000,0x00000000198c0000)]
  0x0000000018d18000 JavaThread "C2 CompilerThread1" daemon [_thread_blocked, id=16412, stack(0x00000000196c0000,0x00000000197c0000)]
  0x0000000018cca000 JavaThread "C2 CompilerThread0" daemon [_thread_blocked, id=6636, stack(0x00000000195c0000,0x00000000196c0000)]
  0x0000000017850800 JavaThread "JDWP Command Reader" daemon [_thread_in_native, id=2324, stack(0x00000000194c0000,0x00000000195c0000)]
  0x000000001784f000 JavaThread "JDWP Event Helper Thread" daemon [_thread_blocked, id=18048, stack(0x00000000193c0000,0x00000000194c0000)]
=>0x000000001784a000 JavaThread "JDWP Transport Listener: dt_socket" daemon [_thread_in_vm, id=21312, stack(0x00000000192c0000,0x00000000193c0000)]
  0x0000000017838000 JavaThread "Attach Listener" daemon [_thread_blocked, id=9148, stack(0x0000000019120000,0x0000000019220000)]
  0x0000000018c63800 JavaThread "Signal Dispatcher" daemon [_thread_blocked, id=19288, stack(0x0000000019020000,0x0000000019120000)]
  0x000000001780a800 JavaThread "Finalizer" daemon [_thread_blocked, id=14200, stack(0x0000000018a80000,0x0000000018b80000)]
  0x0000000002cb2000 JavaThread "Reference Handler" daemon [_thread_blocked, id=6400, stack(0x0000000018980000,0x0000000018a80000)]
  0x000000000260e800 JavaThread "main" [_thread_in_native, id=21268, stack(0x0000000002990000,0x0000000002a90000)]

Other Threads:
  0x00000000177e8000 VMThread [stack: 0x0000000018880000,0x0000000018980000] [id=19624]
  0x0000000018d68800 WatcherThread [stack: 0x00000000199c0000,0x0000000019ac0000] [id=21484]

VM state:not at safepoint (normal execution)

VM Mutex/Monitor currently owned by a thread: None

Heap:
 PSYoungGen      total 38400K, used 6690K [0x00000000d5f00000, 0x00000000d8980000, 0x0000000100000000)
  eden space 33280K, 20% used [0x00000000d5f00000,0x00000000d6588828,0x00000000d7f80000)
  from space 5120K, 0% used [0x00000000d8480000,0x00000000d8480000,0x00000000d8980000)
  to   space 5120K, 0% used [0x00000000d7f80000,0x00000000d7f80000,0x00000000d8480000)
 ParOldGen       total 87552K, used 0K [0x0000000081c00000, 0x0000000087180000, 0x00000000d5f00000)
  object space 87552K, 0% used [0x0000000081c00000,0x0000000081c00000,0x0000000087180000)
 Metaspace       used 5269K, capacity 5406K, committed 5504K, reserved 1056768K
  class space    used 578K, capacity 629K, committed 640K, reserved 1048576K

Card table byte_map: [0x0000000012080000,0x0000000012480000] byte_map_base: 0x0000000011c72000

Marking Bits: (ParMarkBitMap*) 0x0000000052bc2f70
 Begin Bits: [0x0000000012b30000, 0x0000000014ac0000)
 End Bits:   [0x0000000014ac0000, 0x0000000016a50000)

Polling page: 0x0000000002610000

CodeCache: size=245760Kb used=1469Kb max_used=1469Kb free=244290Kb
 bounds [0x0000000002cc0000, 0x0000000002f30000, 0x0000000011cc0000]
 total_blobs=462 nmethods=172 adapters=211
 compilation: enabled

Compilation events (10 events):
Event: 0.780 Thread 0x0000000018d1a800  169       3       org.eclipse.jdt.launching.internal.org.objectweb.asm.MethodWriter::visitLdcInsn (215 bytes)
Event: 0.780 Thread 0x0000000018d1a800 nmethod 169 0x0000000002e27e10 code [0x0000000002e28020, 0x0000000002e28af8]
Event: 0.780 Thread 0x0000000018d1a800  170       3       org.eclipse.jdt.launching.internal.org.objectweb.asm.SymbolTable::addConstant (330 bytes)
Event: 0.782 Thread 0x0000000018d1a800 nmethod 170 0x0000000002e28fd0 code [0x0000000002e29560, 0x0000000002e2dcc8]
Event: 0.782 Thread 0x0000000018d1a800  171       3       org.eclipse.jdt.launching.internal.org.objectweb.asm.SymbolTable::addConstantString (8 bytes)
Event: 0.782 Thread 0x0000000018d1a800 nmethod 171 0x0000000002e2f010 code [0x0000000002e2f180, 0x0000000002e2f328]
Event: 0.782 Thread 0x0000000018d1a800  154       1       java.security.ProtectionDomain::getCodeSource (5 bytes)
Event: 0.782 Thread 0x0000000018d1a800 nmethod 154 0x0000000002e20750 code [0x0000000002e208a0, 0x0000000002e209b0]
Event: 199.012 Thread 0x0000000018d1a800  172       3       org.eclipse.jdt.launching.internal.org.objectweb.asm.ByteVector::putShort (52 bytes)
Event: 199.014 Thread 0x0000000018d1a800 nmethod 172 0x0000000002e2f3d0 code [0x0000000002e2f540, 0x0000000002e2f7a8]

GC Heap History (0 events):
No events

Deoptimization events (0 events):
No events

Internal exceptions (6 events):
Event: 0.069 Thread 0x000000000260e800 Exception <a 'java/lang/NoSuchMethodError': Method sun.misc.Unsafe.defineClass(Ljava/lang/String;[BII)Ljava/lang/Class; name or signature does not match> (0x00000000d5f07cc0) thrown at [C:\re\workspace\8-2-build-windows-amd64-cygwin\jdk8u91\7017\hotspot\srê0”/û±±?
Event: 0.069 Thread 0x000000000260e800 Exception <a 'java/lang/NoSuchMethodError': Method sun.misc.Unsafe.prefetchRead(Ljava/lang/Object;J)V name or signature does not match> (0x00000000d5f07fa8) thrown at [C:\re\workspace\8-2-build-windows-amd64-cygwin\jdk8u91\7017\hotspot\src\share\vm\prims\j#
Event: 0.760 Thread 0x000000000260e800 Exception <a 'java/security/PrivilegedActionException'> (0x00000000d64ddb70) thrown at [C:\re\workspace\8-2-build-windows-amd64-cygwin\jdk8u91\7017\hotspot\src\share\vm\prims\jvm.cpp, line 1386]
Event: 0.760 Thread 0x000000000260e800 Exception <a 'java/security/PrivilegedActionException'> (0x00000000d64ddf68) thrown at [C:\re\workspace\8-2-build-windows-amd64-cygwin\jdk8u91\7017\hotspot\src\share\vm\prims\jvm.cpp, line 1386]
Event: 0.761 Thread 0x000000000260e800 Exception <a 'java/security/PrivilegedActionException'> (0x00000000d64e1cf8) thrown at [C:\re\workspace\8-2-build-windows-amd64-cygwin\jdk8u91\7017\hotspot\src\share\vm\prims\jvm.cpp, line 1386]
Event: 0.761 Thread 0x000000000260e800 Exception <a 'java/security/PrivilegedActionException'> (0x00000000d64e20f0) thrown at [C:\re\workspace\8-2-build-windows-amd64-cygwin\jdk8u91\7017\hotspot\src\share\vm\prims\jvm.cpp, line 1386]

Events (10 events):
Event: 0.780 loading class java/util/regex/Pattern$Dollar
Event: 0.780 loading class java/util/regex/Pattern$Dollar done
Event: 4.725 Executing VM operation: EnableBiasedLocking
Event: 4.725 Executing VM operation: EnableBiasedLocking done
Event: 45.911 Executing VM operation: ChangeBreakpoints
Event: 45.911 Executing VM operation: ChangeBreakpoints done
Event: 198.961 Executing VM operation: ChangeBreakpoints
Event: 198.961 Executing VM operation: ChangeBreakpoints done
Event: 199.013 Executing VM operation: RedefineClasses
Event: 199.014 Executing VM operation: RedefineClasses done


Dynamic libraries:
0x00007ff6b6a70000 - 0x00007ff6b6aa7000 	C:\Program Files\Java\jre1.8.0_91\bin\javaw.exe
0x00007ffcc48a0000 - 0x00007ffcc4a81000 	C:\Windows\SYSTEM32\ntdll.dll
0x00007ffcc2da0000 - 0x00007ffcc2e52000 	C:\Windows\System32\KERNEL32.DLL
0x00007ffcc1790000 - 0x00007ffcc1a03000 	C:\Windows\System32\KERNELBASE.dll
0x00007ffcc2c00000 - 0x00007ffcc2ca1000 	C:\Windows\System32\ADVAPI32.dll
0x00007ffcc2910000 - 0x00007ffcc29ae000 	C:\Windows\System32\msvcrt.dll
0x00007ffcc2ba0000 - 0x00007ffcc2bfb000 	C:\Windows\System32\sechost.dll
0x00007ffcc1f60000 - 0x00007ffcc2084000 	C:\Windows\System32\RPCRT4.dll
0x00007ffcc1dd0000 - 0x00007ffcc1f60000 	C:\Windows\System32\USER32.dll
0x00007ffcc0c70000 - 0x00007ffcc0c90000 	C:\Windows\System32\win32u.dll
0x00007ffcc2430000 - 0x00007ffcc2458000 	C:\Windows\System32\GDI32.dll
0x00007ffcc15f0000 - 0x00007ffcc1782000 	C:\Windows\System32\gdi32full.dll
0x00007ffcc14a0000 - 0x00007ffcc153f000 	C:\Windows\System32\msvcp_win.dll
0x00007ffcc0c90000 - 0x00007ffcc0d88000 	C:\Windows\System32\ucrtbase.dll
0x00007ffcb3f00000 - 0x00007ffcb4169000 	C:\Windows\WinSxS\amd64_microsoft.windows.common-controls_6595b64144ccf1df_6.0.17134.648_none_fb45a0e93062a6d2\COMCTL32.dll
0x00007ffcc30d0000 - 0x00007ffcc33f2000 	C:\Windows\System32\combase.dll
0x00007ffcc1a10000 - 0x00007ffcc1a8a000 	C:\Windows\System32\bcryptPrimitives.dll
0x00007ffcc3400000 - 0x00007ffcc342d000 	C:\Windows\System32\IMM32.DLL
0x0000000053870000 - 0x0000000053942000 	C:\Program Files\Java\jre1.8.0_91\bin\msvcr100.dll
0x00000000523b0000 - 0x0000000052c43000 	C:\Program Files\Java\jre1.8.0_91\bin\server\jvm.dll
0x00007ffcc2e60000 - 0x00007ffcc2e68000 	C:\Windows\System32\PSAPI.DLL
0x00007ffca6950000 - 0x00007ffca6959000 	C:\Windows\SYSTEM32\WSOCK32.dll
0x00007ffcc29b0000 - 0x00007ffcc2a1c000 	C:\Windows\System32\WS2_32.dll
0x00007ffcbe970000 - 0x00007ffcbe993000 	C:\Windows\SYSTEM32\WINMM.dll
0x00007ffcb50d0000 - 0x00007ffcb50da000 	C:\Windows\SYSTEM32\VERSION.dll
0x00007ffcbe910000 - 0x00007ffcbe93a000 	C:\Windows\SYSTEM32\WINMMBASE.dll
0x00007ffcc1540000 - 0x00007ffcc1589000 	C:\Windows\System32\cfgmgr32.dll
0x0000000053a10000 - 0x0000000053a1f000 	C:\Program Files\Java\jre1.8.0_91\bin\verify.dll
0x00000000539e0000 - 0x0000000053a09000 	C:\Program Files\Java\jre1.8.0_91\bin\java.dll
0x0000000053830000 - 0x0000000053865000 	C:\Program Files\Java\jre1.8.0_91\bin\jdwp.dll
0x0000000053820000 - 0x0000000053828000 	C:\Program Files\Java\jre1.8.0_91\bin\npt.dll
0x00000000537f0000 - 0x0000000053813000 	C:\Program Files\Java\jre1.8.0_91\bin\instrument.dll
0x00000000539c0000 - 0x00000000539d6000 	C:\Program Files\Java\jre1.8.0_91\bin\zip.dll
0x00007ffcc3430000 - 0x00007ffcc4870000 	C:\Windows\System32\SHELL32.dll
0x00007ffcc2090000 - 0x00007ffcc2139000 	C:\Windows\System32\shcore.dll
0x00007ffcc0d90000 - 0x00007ffcc149d000 	C:\Windows\System32\windows.storage.dll
0x00007ffcc2e70000 - 0x00007ffcc2ec1000 	C:\Windows\System32\shlwapi.dll
0x00007ffcc0c00000 - 0x00007ffcc0c11000 	C:\Windows\System32\kernel.appcore.dll
0x00007ffcc0bb0000 - 0x00007ffcc0bcf000 	C:\Windows\System32\profapi.dll
0x00007ffcc0c20000 - 0x00007ffcc0c6c000 	C:\Windows\System32\powrprof.dll
0x00007ffcc0bd0000 - 0x00007ffcc0bda000 	C:\Windows\System32\FLTLIB.DLL
0x00000000537e0000 - 0x00000000537e9000 	C:\Program Files\Java\jre1.8.0_91\bin\dt_socket.dll
0x00007ffca3100000 - 0x00007ffca3116000 	C:\Windows\system32\napinsp.dll
0x00007ffca3010000 - 0x00007ffca302a000 	C:\Windows\system32\pnrpnsp.dll
0x00007ffcbca80000 - 0x00007ffcbca99000 	C:\Windows\system32\NLAapi.dll
0x00007ffcc03d0000 - 0x00007ffcc0436000 	C:\Windows\System32\mswsock.dll
0x00007ffcc0190000 - 0x00007ffcc024e000 	C:\Windows\SYSTEM32\DNSAPI.dll
0x00007ffcc2400000 - 0x00007ffcc2408000 	C:\Windows\System32\NSI.dll
0x00007ffcc0150000 - 0x00007ffcc0188000 	C:\Windows\SYSTEM32\IPHLPAPI.DLL
0x00007ffca2fb0000 - 0x00007ffca2fbe000 	C:\Windows\System32\winrnr.dll
0x00007ffca3b10000 - 0x00007ffca3b25000 	C:\Windows\System32\wshbth.dll
0x0000000053430000 - 0x0000000053456000 	C:\Program Files\Bonjour\mdnsNSP.dll
0x00007ffcb69c0000 - 0x00007ffcb6a32000 	C:\Windows\System32\fwpuclnt.dll
0x00007ffcc0710000 - 0x00007ffcc0735000 	C:\Windows\SYSTEM32\bcrypt.dll
0x00007ffcb6e60000 - 0x00007ffcb6e6a000 	C:\Windows\System32\rasadhlp.dll
0x00007ffcbf7f0000 - 0x00007ffcbf9b9000 	C:\Windows\SYSTEM32\dbghelp.dll

VM Arguments:
jvm_args: -agentlib:jdwp=transport=dt_socket,suspend=y,address=localhost:49685 -javaagent:C:\Users\DELL\eclipse\java-2018-12\eclipse\configuration\org.eclipse.osgi\221\0\.cp\lib\javaagent-shaded.jar -Dfile.encoding=MS949 
java_command: Nsum
java_class_path (initial): C:\java\2«–≥‚\πÊ∞˙»ƒB_JavaProject\20190404_Nsum\bin;C:\Users\DELL\eclipse\java-2018-12\eclipse\configuration\org.eclipse.osgi\221\0\.cp\lib\javaagent-shaded.jar
Launcher Type: SUN_STANDARD

Environment Variables:
JAVA_HOME=C:\Program Files\Java\jdk1.8.0_91
PATH=C:/Program Files/Java/jre1.8.0_91/bin/server;C:/Program Files/Java/jre1.8.0_91/bin;C:/Program Files/Java/jre1.8.0_91/lib/amd64;C:\ProgramData\Oracle\Java\javapath;C:\Windows\system32;C:\Windows;C:\Windows\System32\Wbem;C:\Windows\System32\WindowsPowerShell\v1.0\;C:\Windows\System32\OpenSSH\;C:\Program Files (x86)\Windows Live\Shared;C:\Program Files\Java\jdk1.8.0_91\bin;C:\Program Files\Git\cmd;C:\Program Files (x86)\phantomjs\bin;C:\ProgramData\Oracle\Java\javapath;C:\Windows\system32;C:\Windows;C:\Windows\System32\Wbem;C:\Windows\System32\WindowsPowerShell\v1.0\;C:\Windows\System32\OpenSSH\;C:\Program Files (x86)\Windows Live\Shared;C:\Program Files\Java\jdk1.8.0_91\bin;C:\Program Files (x86)\GnuWin32\bin;C:\ProgramData\Oracle\Java\javapath;C:\Windows\system32;C:\Windows;C:\Windows\System32\Wbem;C:\Windows\System32\WindowsPowerShell\v1.0\;C:\Windows\System32\OpenSSH\;C:\Program Files (x86)\Windows Live\Shared;C:\Program Files\Java\jdk1.8.0_91\bin;C:\Users\DELL\AppData\Local\Programs\Python\Python37-32\Scripts\;C:\Users\DELL\AppData\Local\Programs\Python\Python37-32\;C:\Users\DELL\AppData\Local\Microsoft\WindowsApps;C:\Users\DELL\AppData\Local\atom\bin;C:\Users\DELL\Downloads;C:\Users\DELL\AppData\Local\GitHubDesktop\bin;C:\Users\DELL\Desktop;
USERNAME=DELL
OS=Windows_NT
PROCESSOR_IDENTIFIER=Intel64 Family 6 Model 142 Stepping 9, GenuineIntel



---------------  S Y S T E M  ---------------

OS: Windows 10.0 , 64 bit Build 17134 (10.0.17134.648)

CPU:total 4 (2 cores per cpu, 2 threads per core) family 6 model 142 stepping 9, cmov, cx8, fxsr, mmx, sse, sse2, sse3, ssse3, sse4.1, sse4.2, popcnt, avx, avx2, aes, clmul, erms, 3dnowpref, lzcnt, ht, tsc, tscinvbit, bmi1, bmi2, adx

Memory: 4k page, physical 8269952k(3914028k free), swap 11415680k(4574108k free)

vm_info: Java HotSpot(TM) 64-Bit Server VM (25.91-b15) for windows-amd64 JRE (1.8.0_91-b15), built on May 20 2016 17:43:15 by "java_re" with MS VC++ 10.0 (VS2010)

time: Tue Apr 09 19:13:10 2019
elapsed time: 293 seconds (0d 0h 4m 53s)

